Determining if the pthread_create exist failed with the following output:
Change Dir: /home/davinio/catkin_ws/build_isolated/moveit_ros/CMakeFiles/CMakeTmp

Run Build Command:"/usr/bin/make" "cmTC_ee7cf/fast"
/usr/bin/make -f CMakeFiles/cmTC_ee7cf.dir/build.make CMakeFiles/cmTC_ee7cf.dir/build
make[1]: Entering directory '/home/davinio/catkin_ws/build_isolated/moveit_ros/CMakeFiles/CMakeTmp'
Building C object CMakeFiles/cmTC_ee7cf.dir/CheckSymbolExists.c.o
/usr/bin/cc    -o CMakeFiles/cmTC_ee7cf.dir/CheckSymbolExists.c.o   -c /home/davinio/catkin_ws/build_isolated/moveit_ros/CMakeFiles/CMakeTmp/CheckSymbolExists.c
Linking C executable cmTC_ee7cf
/usr/bin/cmake -E cmake_link_script CMakeFiles/cmTC_ee7cf.dir/link.txt --verbose=1
/usr/bin/cc      -rdynamic CMakeFiles/cmTC_ee7cf.dir/CheckSymbolExists.c.o  -o cmTC_ee7cf 
CMakeFiles/cmTC_ee7cf.dir/CheckSymbolExists.c.o: In function `main':
CheckSymbolExists.c:(.text+0x1b): undefined reference to `pthread_create'
collect2: error: ld returned 1 exit status
CMakeFiles/cmTC_ee7cf.dir/build.make:97: recipe for target 'cmTC_ee7cf' failed
make[1]: *** [cmTC_ee7cf] Error 1
make[1]: Leaving directory '/home/davinio/catkin_ws/build_isolated/moveit_ros/CMakeFiles/CMakeTmp'
Makefile:126: recipe for target 'cmTC_ee7cf/fast' failed
make: *** [cmTC_ee7cf/fast] Error 2

File /home/davinio/catkin_ws/build_isolated/moveit_ros/CMakeFiles/CMakeTmp/CheckSymbolExists.c:
/* */
#include <pthread.h>

int main(int argc, char** argv)
{
  (void)argv;
#ifndef pthread_create
  return ((int*)(&pthread_create))[argc];
#else
  (void)argc;
  return 0;
#endif
}

Determining if the function pthread_create exists in the pthreads failed with the following output:
Change Dir: /home/davinio/catkin_ws/build_isolated/moveit_ros/CMakeFiles/CMakeTmp

Run Build Command:"/usr/bin/make" "cmTC_7214b/fast"
/usr/bin/make -f CMakeFiles/cmTC_7214b.dir/build.make CMakeFiles/cmTC_7214b.dir/build
make[1]: Entering directory '/home/davinio/catkin_ws/build_isolated/moveit_ros/CMakeFiles/CMakeTmp'
Building C object CMakeFiles/cmTC_7214b.dir/CheckFunctionExists.c.o
/usr/bin/cc   -DCHECK_FUNCTION_EXISTS=pthread_create   -o CMakeFiles/cmTC_7214b.dir/CheckFunctionExists.c.o   -c /usr/share/cmake-3.10/Modules/CheckFunctionExists.c
Linking C executable cmTC_7214b
/usr/bin/cmake -E cmake_link_script CMakeFiles/cmTC_7214b.dir/link.txt --verbose=1
/usr/bin/cc  -DCHECK_FUNCTION_EXISTS=pthread_create    -rdynamic CMakeFiles/cmTC_7214b.dir/CheckFunctionExists.c.o  -o cmTC_7214b -lpthreads 
/usr/bin/ld: cannot find -lpthreads
collect2: error: ld returned 1 exit status
CMakeFiles/cmTC_7214b.dir/build.make:97: recipe for target 'cmTC_7214b' failed
make[1]: *** [cmTC_7214b] Error 1
make[1]: Leaving directory '/home/davinio/catkin_ws/build_isolated/moveit_ros/CMakeFiles/CMakeTmp'
Makefile:126: recipe for target 'cmTC_7214b/fast' failed
make: *** [cmTC_7214b/fast] Error 2


