Determining if the pthread_create exist failed with the following output:
Change Dir: /home/davinio/catkin_ws/build_isolated/trac_ik/CMakeFiles/CMakeTmp

Run Build Command:"/usr/bin/make" "cmTC_d4bfc/fast"
/usr/bin/make -f CMakeFiles/cmTC_d4bfc.dir/build.make CMakeFiles/cmTC_d4bfc.dir/build
make[1]: Entering directory '/home/davinio/catkin_ws/build_isolated/trac_ik/CMakeFiles/CMakeTmp'
Building C object CMakeFiles/cmTC_d4bfc.dir/CheckSymbolExists.c.o
/usr/bin/cc    -o CMakeFiles/cmTC_d4bfc.dir/CheckSymbolExists.c.o   -c /home/davinio/catkin_ws/build_isolated/trac_ik/CMakeFiles/CMakeTmp/CheckSymbolExists.c
Linking C executable cmTC_d4bfc
/usr/bin/cmake -E cmake_link_script CMakeFiles/cmTC_d4bfc.dir/link.txt --verbose=1
/usr/bin/cc      -rdynamic CMakeFiles/cmTC_d4bfc.dir/CheckSymbolExists.c.o  -o cmTC_d4bfc 
CMakeFiles/cmTC_d4bfc.dir/CheckSymbolExists.c.o: In function `main':
CheckSymbolExists.c:(.text+0x1b): undefined reference to `pthread_create'
collect2: error: ld returned 1 exit status
CMakeFiles/cmTC_d4bfc.dir/build.make:97: recipe for target 'cmTC_d4bfc' failed
make[1]: *** [cmTC_d4bfc] Error 1
make[1]: Leaving directory '/home/davinio/catkin_ws/build_isolated/trac_ik/CMakeFiles/CMakeTmp'
Makefile:126: recipe for target 'cmTC_d4bfc/fast' failed
make: *** [cmTC_d4bfc/fast] Error 2

File /home/davinio/catkin_ws/build_isolated/trac_ik/CMakeFiles/CMakeTmp/CheckSymbolExists.c:
/* */
#include <pthread.h>

int main(int argc, char** argv)
{
  (void)argv;
#ifndef pthread_create
  return ((int*)(&pthread_create))[argc];
#else
  (void)argc;
  return 0;
#endif
}

Determining if the function pthread_create exists in the pthreads failed with the following output:
Change Dir: /home/davinio/catkin_ws/build_isolated/trac_ik/CMakeFiles/CMakeTmp

Run Build Command:"/usr/bin/make" "cmTC_61605/fast"
/usr/bin/make -f CMakeFiles/cmTC_61605.dir/build.make CMakeFiles/cmTC_61605.dir/build
make[1]: Entering directory '/home/davinio/catkin_ws/build_isolated/trac_ik/CMakeFiles/CMakeTmp'
Building C object CMakeFiles/cmTC_61605.dir/CheckFunctionExists.c.o
/usr/bin/cc   -DCHECK_FUNCTION_EXISTS=pthread_create   -o CMakeFiles/cmTC_61605.dir/CheckFunctionExists.c.o   -c /usr/share/cmake-3.10/Modules/CheckFunctionExists.c
Linking C executable cmTC_61605
/usr/bin/cmake -E cmake_link_script CMakeFiles/cmTC_61605.dir/link.txt --verbose=1
/usr/bin/cc  -DCHECK_FUNCTION_EXISTS=pthread_create    -rdynamic CMakeFiles/cmTC_61605.dir/CheckFunctionExists.c.o  -o cmTC_61605 -lpthreads 
/usr/bin/ld: cannot find -lpthreads
collect2: error: ld returned 1 exit status
CMakeFiles/cmTC_61605.dir/build.make:97: recipe for target 'cmTC_61605' failed
make[1]: *** [cmTC_61605] Error 1
make[1]: Leaving directory '/home/davinio/catkin_ws/build_isolated/trac_ik/CMakeFiles/CMakeTmp'
Makefile:126: recipe for target 'cmTC_61605/fast' failed
make: *** [cmTC_61605/fast] Error 2


