Determining if the pthread_create exist failed with the following output:
Change Dir: /home/davinio/catkin_ws/build/CMakeFiles/CMakeTmp

Run Build Command:"/usr/bin/make" "cmTC_ea3e7/fast"
/usr/bin/make -f CMakeFiles/cmTC_ea3e7.dir/build.make CMakeFiles/cmTC_ea3e7.dir/build
make[1]: Entering directory '/home/davinio/catkin_ws/build/CMakeFiles/CMakeTmp'
Building C object CMakeFiles/cmTC_ea3e7.dir/CheckSymbolExists.c.o
/usr/bin/cc    -o CMakeFiles/cmTC_ea3e7.dir/CheckSymbolExists.c.o   -c /home/davinio/catkin_ws/build/CMakeFiles/CMakeTmp/CheckSymbolExists.c
Linking C executable cmTC_ea3e7
/usr/bin/cmake -E cmake_link_script CMakeFiles/cmTC_ea3e7.dir/link.txt --verbose=1
/usr/bin/cc      -rdynamic CMakeFiles/cmTC_ea3e7.dir/CheckSymbolExists.c.o  -o cmTC_ea3e7 
CMakeFiles/cmTC_ea3e7.dir/CheckSymbolExists.c.o: In function `main':
CheckSymbolExists.c:(.text+0x1b): undefined reference to `pthread_create'
collect2: error: ld returned 1 exit status
CMakeFiles/cmTC_ea3e7.dir/build.make:97: recipe for target 'cmTC_ea3e7' failed
make[1]: *** [cmTC_ea3e7] Error 1
make[1]: Leaving directory '/home/davinio/catkin_ws/build/CMakeFiles/CMakeTmp'
Makefile:126: recipe for target 'cmTC_ea3e7/fast' failed
make: *** [cmTC_ea3e7/fast] Error 2

File /home/davinio/catkin_ws/build/CMakeFiles/CMakeTmp/CheckSymbolExists.c:
/* */
#include <pthread.h>

int main(int argc, char** argv)
{
  (void)argv;
#ifndef pthread_create
  return ((int*)(&pthread_create))[argc];
#else
  (void)argc;
  return 0;
#endif
}

Determining if the function pthread_create exists in the pthreads failed with the following output:
Change Dir: /home/davinio/catkin_ws/build/CMakeFiles/CMakeTmp

Run Build Command:"/usr/bin/make" "cmTC_08a9a/fast"
/usr/bin/make -f CMakeFiles/cmTC_08a9a.dir/build.make CMakeFiles/cmTC_08a9a.dir/build
make[1]: Entering directory '/home/davinio/catkin_ws/build/CMakeFiles/CMakeTmp'
Building C object CMakeFiles/cmTC_08a9a.dir/CheckFunctionExists.c.o
/usr/bin/cc   -DCHECK_FUNCTION_EXISTS=pthread_create   -o CMakeFiles/cmTC_08a9a.dir/CheckFunctionExists.c.o   -c /usr/share/cmake-3.10/Modules/CheckFunctionExists.c
Linking C executable cmTC_08a9a
/usr/bin/cmake -E cmake_link_script CMakeFiles/cmTC_08a9a.dir/link.txt --verbose=1
/usr/bin/cc  -DCHECK_FUNCTION_EXISTS=pthread_create    -rdynamic CMakeFiles/cmTC_08a9a.dir/CheckFunctionExists.c.o  -o cmTC_08a9a -lpthreads 
/usr/bin/ld: cannot find -lpthreads
collect2: error: ld returned 1 exit status
CMakeFiles/cmTC_08a9a.dir/build.make:97: recipe for target 'cmTC_08a9a' failed
make[1]: *** [cmTC_08a9a] Error 1
make[1]: Leaving directory '/home/davinio/catkin_ws/build/CMakeFiles/CMakeTmp'
Makefile:126: recipe for target 'cmTC_08a9a/fast' failed
make: *** [cmTC_08a9a/fast] Error 2


