Determining if the pthread_create exist failed with the following output:
Change Dir: /home/davinio/catkin_ws/build_isolated/trac_ik_lib/CMakeFiles/CMakeTmp

Run Build Command:"/usr/bin/make" "cmTC_6d45a/fast"
/usr/bin/make -f CMakeFiles/cmTC_6d45a.dir/build.make CMakeFiles/cmTC_6d45a.dir/build
make[1]: Entering directory '/home/davinio/catkin_ws/build_isolated/trac_ik_lib/CMakeFiles/CMakeTmp'
Building C object CMakeFiles/cmTC_6d45a.dir/CheckSymbolExists.c.o
/usr/bin/cc    -o CMakeFiles/cmTC_6d45a.dir/CheckSymbolExists.c.o   -c /home/davinio/catkin_ws/build_isolated/trac_ik_lib/CMakeFiles/CMakeTmp/CheckSymbolExists.c
Linking C executable cmTC_6d45a
/usr/bin/cmake -E cmake_link_script CMakeFiles/cmTC_6d45a.dir/link.txt --verbose=1
/usr/bin/cc      -rdynamic CMakeFiles/cmTC_6d45a.dir/CheckSymbolExists.c.o  -o cmTC_6d45a 
CMakeFiles/cmTC_6d45a.dir/CheckSymbolExists.c.o: In function `main':
CheckSymbolExists.c:(.text+0x1b): undefined reference to `pthread_create'
collect2: error: ld returned 1 exit status
CMakeFiles/cmTC_6d45a.dir/build.make:97: recipe for target 'cmTC_6d45a' failed
make[1]: *** [cmTC_6d45a] Error 1
make[1]: Leaving directory '/home/davinio/catkin_ws/build_isolated/trac_ik_lib/CMakeFiles/CMakeTmp'
Makefile:126: recipe for target 'cmTC_6d45a/fast' failed
make: *** [cmTC_6d45a/fast] Error 2

File /home/davinio/catkin_ws/build_isolated/trac_ik_lib/CMakeFiles/CMakeTmp/CheckSymbolExists.c:
/* */
#include <pthread.h>

int main(int argc, char** argv)
{
  (void)argv;
#ifndef pthread_create
  return ((int*)(&pthread_create))[argc];
#else
  (void)argc;
  return 0;
#endif
}

Determining if the function pthread_create exists in the pthreads failed with the following output:
Change Dir: /home/davinio/catkin_ws/build_isolated/trac_ik_lib/CMakeFiles/CMakeTmp

Run Build Command:"/usr/bin/make" "cmTC_f1298/fast"
/usr/bin/make -f CMakeFiles/cmTC_f1298.dir/build.make CMakeFiles/cmTC_f1298.dir/build
make[1]: Entering directory '/home/davinio/catkin_ws/build_isolated/trac_ik_lib/CMakeFiles/CMakeTmp'
Building C object CMakeFiles/cmTC_f1298.dir/CheckFunctionExists.c.o
/usr/bin/cc   -DCHECK_FUNCTION_EXISTS=pthread_create   -o CMakeFiles/cmTC_f1298.dir/CheckFunctionExists.c.o   -c /usr/share/cmake-3.10/Modules/CheckFunctionExists.c
Linking C executable cmTC_f1298
/usr/bin/cmake -E cmake_link_script CMakeFiles/cmTC_f1298.dir/link.txt --verbose=1
/usr/bin/cc  -DCHECK_FUNCTION_EXISTS=pthread_create    -rdynamic CMakeFiles/cmTC_f1298.dir/CheckFunctionExists.c.o  -o cmTC_f1298 -lpthreads 
/usr/bin/ld: cannot find -lpthreads
collect2: error: ld returned 1 exit status
CMakeFiles/cmTC_f1298.dir/build.make:97: recipe for target 'cmTC_f1298' failed
make[1]: *** [cmTC_f1298] Error 1
make[1]: Leaving directory '/home/davinio/catkin_ws/build_isolated/trac_ik_lib/CMakeFiles/CMakeTmp'
Makefile:126: recipe for target 'cmTC_f1298/fast' failed
make: *** [cmTC_f1298/fast] Error 2


