Determining if the pthread_create exist failed with the following output:
Change Dir: /home/davinio/catkin_ws/build_isolated/trac_ik_examples/CMakeFiles/CMakeTmp

Run Build Command:"/usr/bin/make" "cmTC_64f42/fast"
/usr/bin/make -f CMakeFiles/cmTC_64f42.dir/build.make CMakeFiles/cmTC_64f42.dir/build
make[1]: Entering directory '/home/davinio/catkin_ws/build_isolated/trac_ik_examples/CMakeFiles/CMakeTmp'
Building C object CMakeFiles/cmTC_64f42.dir/CheckSymbolExists.c.o
/usr/bin/cc    -o CMakeFiles/cmTC_64f42.dir/CheckSymbolExists.c.o   -c /home/davinio/catkin_ws/build_isolated/trac_ik_examples/CMakeFiles/CMakeTmp/CheckSymbolExists.c
Linking C executable cmTC_64f42
/usr/bin/cmake -E cmake_link_script CMakeFiles/cmTC_64f42.dir/link.txt --verbose=1
/usr/bin/cc      -rdynamic CMakeFiles/cmTC_64f42.dir/CheckSymbolExists.c.o  -o cmTC_64f42 
CMakeFiles/cmTC_64f42.dir/CheckSymbolExists.c.o: In function `main':
CheckSymbolExists.c:(.text+0x1b): undefined reference to `pthread_create'
collect2: error: ld returned 1 exit status
CMakeFiles/cmTC_64f42.dir/build.make:97: recipe for target 'cmTC_64f42' failed
make[1]: *** [cmTC_64f42] Error 1
make[1]: Leaving directory '/home/davinio/catkin_ws/build_isolated/trac_ik_examples/CMakeFiles/CMakeTmp'
Makefile:126: recipe for target 'cmTC_64f42/fast' failed
make: *** [cmTC_64f42/fast] Error 2

File /home/davinio/catkin_ws/build_isolated/trac_ik_examples/CMakeFiles/CMakeTmp/CheckSymbolExists.c:
/* */
#include <pthread.h>

int main(int argc, char** argv)
{
  (void)argv;
#ifndef pthread_create
  return ((int*)(&pthread_create))[argc];
#else
  (void)argc;
  return 0;
#endif
}

Determining if the function pthread_create exists in the pthreads failed with the following output:
Change Dir: /home/davinio/catkin_ws/build_isolated/trac_ik_examples/CMakeFiles/CMakeTmp

Run Build Command:"/usr/bin/make" "cmTC_a1b1a/fast"
/usr/bin/make -f CMakeFiles/cmTC_a1b1a.dir/build.make CMakeFiles/cmTC_a1b1a.dir/build
make[1]: Entering directory '/home/davinio/catkin_ws/build_isolated/trac_ik_examples/CMakeFiles/CMakeTmp'
Building C object CMakeFiles/cmTC_a1b1a.dir/CheckFunctionExists.c.o
/usr/bin/cc   -DCHECK_FUNCTION_EXISTS=pthread_create   -o CMakeFiles/cmTC_a1b1a.dir/CheckFunctionExists.c.o   -c /usr/share/cmake-3.10/Modules/CheckFunctionExists.c
Linking C executable cmTC_a1b1a
/usr/bin/cmake -E cmake_link_script CMakeFiles/cmTC_a1b1a.dir/link.txt --verbose=1
/usr/bin/cc  -DCHECK_FUNCTION_EXISTS=pthread_create    -rdynamic CMakeFiles/cmTC_a1b1a.dir/CheckFunctionExists.c.o  -o cmTC_a1b1a -lpthreads 
/usr/bin/ld: cannot find -lpthreads
collect2: error: ld returned 1 exit status
CMakeFiles/cmTC_a1b1a.dir/build.make:97: recipe for target 'cmTC_a1b1a' failed
make[1]: *** [cmTC_a1b1a] Error 1
make[1]: Leaving directory '/home/davinio/catkin_ws/build_isolated/trac_ik_examples/CMakeFiles/CMakeTmp'
Makefile:126: recipe for target 'cmTC_a1b1a/fast' failed
make: *** [cmTC_a1b1a/fast] Error 2


