Determining if the pthread_create exist failed with the following output:
Change Dir: /home/davinio/catkin_ws/build_isolated/moveit_ros_perception/CMakeFiles/CMakeTmp

Run Build Command:"/usr/bin/make" "cmTC_fc748/fast"
/usr/bin/make -f CMakeFiles/cmTC_fc748.dir/build.make CMakeFiles/cmTC_fc748.dir/build
make[1]: Entering directory '/home/davinio/catkin_ws/build_isolated/moveit_ros_perception/CMakeFiles/CMakeTmp'
Building C object CMakeFiles/cmTC_fc748.dir/CheckSymbolExists.c.o
/usr/bin/cc    -o CMakeFiles/cmTC_fc748.dir/CheckSymbolExists.c.o   -c /home/davinio/catkin_ws/build_isolated/moveit_ros_perception/CMakeFiles/CMakeTmp/CheckSymbolExists.c
Linking C executable cmTC_fc748
/usr/bin/cmake -E cmake_link_script CMakeFiles/cmTC_fc748.dir/link.txt --verbose=1
/usr/bin/cc      -rdynamic CMakeFiles/cmTC_fc748.dir/CheckSymbolExists.c.o  -o cmTC_fc748 
CMakeFiles/cmTC_fc748.dir/CheckSymbolExists.c.o: In function `main':
CheckSymbolExists.c:(.text+0x1b): undefined reference to `pthread_create'
collect2: error: ld returned 1 exit status
CMakeFiles/cmTC_fc748.dir/build.make:97: recipe for target 'cmTC_fc748' failed
make[1]: *** [cmTC_fc748] Error 1
make[1]: Leaving directory '/home/davinio/catkin_ws/build_isolated/moveit_ros_perception/CMakeFiles/CMakeTmp'
Makefile:126: recipe for target 'cmTC_fc748/fast' failed
make: *** [cmTC_fc748/fast] Error 2

File /home/davinio/catkin_ws/build_isolated/moveit_ros_perception/CMakeFiles/CMakeTmp/CheckSymbolExists.c:
/* */
#include <pthread.h>

int main(int argc, char** argv)
{
  (void)argv;
#ifndef pthread_create
  return ((int*)(&pthread_create))[argc];
#else
  (void)argc;
  return 0;
#endif
}

Determining if the function pthread_create exists in the pthreads failed with the following output:
Change Dir: /home/davinio/catkin_ws/build_isolated/moveit_ros_perception/CMakeFiles/CMakeTmp

Run Build Command:"/usr/bin/make" "cmTC_3f82d/fast"
/usr/bin/make -f CMakeFiles/cmTC_3f82d.dir/build.make CMakeFiles/cmTC_3f82d.dir/build
make[1]: Entering directory '/home/davinio/catkin_ws/build_isolated/moveit_ros_perception/CMakeFiles/CMakeTmp'
Building C object CMakeFiles/cmTC_3f82d.dir/CheckFunctionExists.c.o
/usr/bin/cc   -DCHECK_FUNCTION_EXISTS=pthread_create   -o CMakeFiles/cmTC_3f82d.dir/CheckFunctionExists.c.o   -c /usr/share/cmake-3.10/Modules/CheckFunctionExists.c
Linking C executable cmTC_3f82d
/usr/bin/cmake -E cmake_link_script CMakeFiles/cmTC_3f82d.dir/link.txt --verbose=1
/usr/bin/cc  -DCHECK_FUNCTION_EXISTS=pthread_create    -rdynamic CMakeFiles/cmTC_3f82d.dir/CheckFunctionExists.c.o  -o cmTC_3f82d -lpthreads 
/usr/bin/ld: cannot find -lpthreads
collect2: error: ld returned 1 exit status
CMakeFiles/cmTC_3f82d.dir/build.make:97: recipe for target 'cmTC_3f82d' failed
make[1]: *** [cmTC_3f82d] Error 1
make[1]: Leaving directory '/home/davinio/catkin_ws/build_isolated/moveit_ros_perception/CMakeFiles/CMakeTmp'
Makefile:126: recipe for target 'cmTC_3f82d/fast' failed
make: *** [cmTC_3f82d/fast] Error 2


